2022-08-21 16:17:42,896 INFO: Microblog startup [in /Users/markrd/Desktop/spotnote/app/__init__.py:45]
2022-08-21 16:34:33,596 INFO: Microblog startup [in /Users/markrd/Desktop/spotnote/app/__init__.py:45]
2022-08-21 16:35:17,807 INFO: Microblog startup [in /Users/markrd/Desktop/spotnote/app/__init__.py:45]
2022-08-21 16:35:26,373 INFO: Microblog startup [in /Users/markrd/Desktop/spotnote/app/__init__.py:45]
2022-08-21 20:31:02,290 INFO: Microblog startup [in /Users/markrd/Desktop/spotnote/app/__init__.py:45]
2022-08-21 20:35:48,690 INFO: Microblog startup [in /Users/markrd/Desktop/spotnote/app/__init__.py:45]
2022-08-21 22:10:44,972 INFO: Microblog startup [in /Users/markrd/Desktop/spotnote/app/__init__.py:45]
2022-08-21 22:11:12,667 INFO: Microblog startup [in /Users/markrd/Desktop/spotnote/app/__init__.py:45]
2022-08-21 22:12:39,875 INFO: Microblog startup [in /Users/markrd/Desktop/spotnote/app/__init__.py:45]
2022-08-21 22:12:42,470 ERROR: Exception on / [GET] [in /Users/markrd/Desktop/spotnote/venv/lib/python3.9/site-packages/flask/app.py:1741]
Traceback (most recent call last):
  File "/Users/markrd/Desktop/spotnote/venv/lib/python3.9/site-packages/flask/app.py", line 2525, in wsgi_app
    response = self.full_dispatch_request()
  File "/Users/markrd/Desktop/spotnote/venv/lib/python3.9/site-packages/flask/app.py", line 1822, in full_dispatch_request
    rv = self.handle_user_exception(e)
  File "/Users/markrd/Desktop/spotnote/venv/lib/python3.9/site-packages/flask/app.py", line 1820, in full_dispatch_request
    rv = self.dispatch_request()
  File "/Users/markrd/Desktop/spotnote/venv/lib/python3.9/site-packages/flask/app.py", line 1796, in dispatch_request
    return self.ensure_sync(self.view_functions[rule.endpoint])(**view_args)
  File "/Users/markrd/Desktop/spotnote/venv/lib/python3.9/site-packages/flask_login/utils.py", line 290, in decorated_view
    return current_app.ensure_sync(func)(*args, **kwargs)
  File "/Users/markrd/Desktop/spotnote/app/routes.py", line 25, in index
    return render_template("index.html", title='Home Page', form=form, posts=posts)
  File "/Users/markrd/Desktop/spotnote/venv/lib/python3.9/site-packages/flask/templating.py", line 146, in render_template
    template = app.jinja_env.get_or_select_template(template_name_or_list)
  File "/Users/markrd/Desktop/spotnote/venv/lib/python3.9/site-packages/jinja2/environment.py", line 1081, in get_or_select_template
    return self.get_template(template_name_or_list, parent, globals)
  File "/Users/markrd/Desktop/spotnote/venv/lib/python3.9/site-packages/jinja2/environment.py", line 1010, in get_template
    return self._load_template(name, globals)
  File "/Users/markrd/Desktop/spotnote/venv/lib/python3.9/site-packages/jinja2/environment.py", line 969, in _load_template
    template = self.loader.load(self, name, self.make_globals(globals))
  File "/Users/markrd/Desktop/spotnote/venv/lib/python3.9/site-packages/jinja2/loaders.py", line 138, in load
    code = environment.compile(source, name, filename)
  File "/Users/markrd/Desktop/spotnote/venv/lib/python3.9/site-packages/jinja2/environment.py", line 768, in compile
    self.handle_exception(source=source_hint)
  File "/Users/markrd/Desktop/spotnote/venv/lib/python3.9/site-packages/jinja2/environment.py", line 936, in handle_exception
    raise rewrite_traceback_stack(source=source)
  File "/Users/markrd/Desktop/spotnote/app/templates/index.html", line 17, in template
    {% end if %}
jinja2.exceptions.TemplateSyntaxError: Encountered unknown tag 'end'. Jinja was looking for the following tags: 'elif' or 'else' or 'endif'. The innermost block that needs to be closed is 'if'.
2022-08-21 22:12:47,359 ERROR: Exception on /index [GET] [in /Users/markrd/Desktop/spotnote/venv/lib/python3.9/site-packages/flask/app.py:1741]
Traceback (most recent call last):
  File "/Users/markrd/Desktop/spotnote/venv/lib/python3.9/site-packages/flask/app.py", line 2525, in wsgi_app
    response = self.full_dispatch_request()
  File "/Users/markrd/Desktop/spotnote/venv/lib/python3.9/site-packages/flask/app.py", line 1822, in full_dispatch_request
    rv = self.handle_user_exception(e)
  File "/Users/markrd/Desktop/spotnote/venv/lib/python3.9/site-packages/flask/app.py", line 1820, in full_dispatch_request
    rv = self.dispatch_request()
  File "/Users/markrd/Desktop/spotnote/venv/lib/python3.9/site-packages/flask/app.py", line 1796, in dispatch_request
    return self.ensure_sync(self.view_functions[rule.endpoint])(**view_args)
  File "/Users/markrd/Desktop/spotnote/venv/lib/python3.9/site-packages/flask_login/utils.py", line 290, in decorated_view
    return current_app.ensure_sync(func)(*args, **kwargs)
  File "/Users/markrd/Desktop/spotnote/app/routes.py", line 25, in index
    return render_template("index.html", title='Home Page', form=form, posts=posts)
  File "/Users/markrd/Desktop/spotnote/venv/lib/python3.9/site-packages/flask/templating.py", line 146, in render_template
    template = app.jinja_env.get_or_select_template(template_name_or_list)
  File "/Users/markrd/Desktop/spotnote/venv/lib/python3.9/site-packages/jinja2/environment.py", line 1081, in get_or_select_template
    return self.get_template(template_name_or_list, parent, globals)
  File "/Users/markrd/Desktop/spotnote/venv/lib/python3.9/site-packages/jinja2/environment.py", line 1010, in get_template
    return self._load_template(name, globals)
  File "/Users/markrd/Desktop/spotnote/venv/lib/python3.9/site-packages/jinja2/environment.py", line 969, in _load_template
    template = self.loader.load(self, name, self.make_globals(globals))
  File "/Users/markrd/Desktop/spotnote/venv/lib/python3.9/site-packages/jinja2/loaders.py", line 138, in load
    code = environment.compile(source, name, filename)
  File "/Users/markrd/Desktop/spotnote/venv/lib/python3.9/site-packages/jinja2/environment.py", line 768, in compile
    self.handle_exception(source=source_hint)
  File "/Users/markrd/Desktop/spotnote/venv/lib/python3.9/site-packages/jinja2/environment.py", line 936, in handle_exception
    raise rewrite_traceback_stack(source=source)
  File "/Users/markrd/Desktop/spotnote/app/templates/index.html", line 17, in template
    {% end if %}
jinja2.exceptions.TemplateSyntaxError: Encountered unknown tag 'end'. Jinja was looking for the following tags: 'elif' or 'else' or 'endif'. The innermost block that needs to be closed is 'if'.
2022-08-21 22:14:18,674 INFO: Microblog startup [in /Users/markrd/Desktop/spotnote/app/__init__.py:45]
2022-08-21 22:20:42,816 INFO: Microblog startup [in /Users/markrd/Desktop/spotnote/app/__init__.py:45]
2022-08-21 22:22:21,671 INFO: Microblog startup [in /Users/markrd/Desktop/spotnote/app/__init__.py:45]
2022-08-21 22:22:40,125 INFO: Microblog startup [in /Users/markrd/Desktop/spotnote/app/__init__.py:45]
